#
# There is insufficient memory for the Java Runtime Environment to continue.
# Native memory allocation (mmap) failed to map 266338304 bytes for G1 virtual space
# Possible reasons:
#   The system is out of physical RAM or swap space
#   The process is running with CompressedOops enabled, and the Java Heap may be blocking the growth of the native heap
# Possible solutions:
#   Reduce memory load on the system
#   Increase physical memory or swap space
#   Check if swap backing store is full
#   Decrease Java heap size (-Xmx/-Xms)
#   Decrease number of Java threads
#   Decrease Java thread stack sizes (-Xss)
#   Set larger code cache with -XX:ReservedCodeCacheSize=
#   JVM is running with Zero Based Compressed Oops mode in which the Java heap is
#     placed in the first 32GB address space. The Java Heap base address is the
#     maximum limit for the native heap growth. Please use -XX:HeapBaseMinAddress
#     to set the Java Heap base and to place the Java Heap above 32GB virtual address.
# This output file may be truncated or incomplete.
#
#  Out of Memory Error (os_windows.cpp:3536), pid=22508, tid=18204
#
# JRE version:  (19.0.2+7) (build )
# Java VM: Java HotSpot(TM) 64-Bit Server VM (19.0.2+7-44, mixed mode, sharing, tiered, compressed oops, compressed class ptrs, g1 gc, windows-amd64)
# No core dump will be written. Minidumps are not enabled by default on client versions of Windows
#

---------------  S U M M A R Y ------------

Command Line: com.mycompany.gerenciamento_de_estoque_pi.Gerenciamento_de_estoque_pi

Host: Intel(R) Core(TM) i5-10400F CPU @ 2.90GHz, 12 cores, 15G,  Windows 10 , 64 bit Build 19041 (10.0.19041.5072)
Time: Thu Nov 21 22:34:42 2024 Hora oficial do Brasil elapsed time: 0.014411 seconds (0d 0h 0m 0s)

---------------  T H R E A D  ---------------

Current thread (0x00000206567c4b80):  JavaThread "Unknown thread" [_thread_in_vm, id=18204, stack(0x000000fae1100000,0x000000fae1200000)]

Stack: [0x000000fae1100000,0x000000fae1200000]
Native frames: (J=compiled Java code, j=interpreted, Vv=VM code, C=native code)
V  [jvm.dll+0x6ee21a]
V  [jvm.dll+0x85765e]
V  [jvm.dll+0x85904e]
V  [jvm.dll+0x859703]
V  [jvm.dll+0x28298f]
V  [jvm.dll+0x6eb009]
V  [jvm.dll+0x6dfbaa]
V  [jvm.dll+0x3573f6]
V  [jvm.dll+0x35ee56]
V  [jvm.dll+0x3b541e]
V  [jvm.dll+0x3b564f]
V  [jvm.dll+0x32c9ea]
V  [jvm.dll+0x32d89e]
V  [jvm.dll+0x821780]
V  [jvm.dll+0x3c2661]
V  [jvm.dll+0x801f51]
V  [jvm.dll+0x44ae8f]
V  [jvm.dll+0x44c811]
C  [jli.dll+0x5287]
C  [ucrtbase.dll+0x21bb2]
C  [KERNEL32.DLL+0x17374]
C  [ntdll.dll+0x4cc91]


---------------  P R O C E S S  ---------------

Threads class SMR info:
_java_thread_list=0x00007ffed43dd048, length=0, elements={
}

Java Threads: ( => current thread )

Other Threads:
  0x0000020656835090 WorkerThread "GC Thread#0" [stack: 0x000000fae1200000,0x000000fae1300000] [id=26208]
  0x0000020656846fa0 ConcurrentGCThread "G1 Main Marker" [stack: 0x000000fae1300000,0x000000fae1400000] [id=8468]
  0x0000020656848170 WorkerThread "G1 Conc#0" [stack: 0x000000fae1400000,0x000000fae1500000] [id=20324]

[error occurred during error reporting (printing all threads), id 0xc0000005, EXCEPTION_ACCESS_VIOLATION (0xc0000005) at pc=0x00007ffed3b9d427]

VM state: not at safepoint (not fully initialized)

VM Mutex/Monitor currently owned by a thread:  ([mutex/lock_event])
[0x00000206567c0670] Heap_lock - owner thread: 0x00000206567c4b80

Heap address: 0x0000000702000000, size: 4064 MB, Compressed Oops mode: Zero based, Oop shift amount: 3

CDS archive(s) mapped at: [0x0000000000000000-0x0000000000000000-0x0000000000000000), size 0, SharedBaseAddress: 0x0000000800000000, ArchiveRelocationMode: 0.
Narrow klass base: 0x0000000000000000, Narrow klass shift: 0, Narrow klass range: 0x0

GC Precious Log:
 CardTable entry size: 512
 Card Set container configuration: InlinePtr #cards 4 size 8 Array Of Cards #cards 16 size 48 Howl #buckets 8 coarsen threshold 3686 Howl Bitmap #cards 512 size 80 coarsen threshold 460 Card regions per heap region 1 cards per card region 4096

Heap:
 garbage-first heap   total 0K, used 0K [0x0000000702000000, 0x0000000800000000)
  region size 2048K, 0 young (0K), 0 survivors (0K)

[error occurred during error reporting (printing heap information), id 0xc0000005, EXCEPTION_ACCESS_VIOLATION (0xc0000005) at pc=0x00007ffed3fa6649]

GC Heap History (0 events):
No events

Dll operation events (1 events):
Event: 0.005 Loaded shared library C:\Program Files\Java\jdk-19\bin\java.dll

Deoptimization events (0 events):
No events

Classes loaded (0 events):
No events

Classes unloaded (0 events):
No events

Classes redefined (0 events):
No events

Internal exceptions (0 events):
No events

VM Operations (0 events):
No events

Events (0 events):
No events


Dynamic libraries:
0x00007ff723fb0000 - 0x00007ff723fc0000 	C:\Program Files\Java\jdk-19\bin\java.exe
0x00007fff8ef70000 - 0x00007fff8f168000 	C:\Windows\SYSTEM32\ntdll.dll
0x00007fff8d7b0000 - 0x00007fff8d872000 	C:\Windows\System32\KERNEL32.DLL
0x00007fff8c6f0000 - 0x00007fff8c9ee000 	C:\Windows\System32\KERNELBASE.dll
0x00007fff8c9f0000 - 0x00007fff8caf0000 	C:\Windows\System32\ucrtbase.dll
0x00007fff44b70000 - 0x00007fff44b8b000 	C:\Program Files\Java\jdk-19\bin\VCRUNTIME140.dll
0x00007fff731d0000 - 0x00007fff731e8000 	C:\Program Files\Java\jdk-19\bin\jli.dll
0x00007fff8d1a0000 - 0x00007fff8d251000 	C:\Windows\System32\ADVAPI32.dll
0x00007fff8e620000 - 0x00007fff8e6be000 	C:\Windows\System32\msvcrt.dll
0x00007fff8e6f0000 - 0x00007fff8e78f000 	C:\Windows\System32\sechost.dll
0x00007fff8d310000 - 0x00007fff8d433000 	C:\Windows\System32\RPCRT4.dll
0x00007fff8cce0000 - 0x00007fff8cd07000 	C:\Windows\System32\bcrypt.dll
0x00007fff8d610000 - 0x00007fff8d7ad000 	C:\Windows\System32\USER32.dll
0x00007fff7d9d0000 - 0x00007fff7dc6a000 	C:\Windows\WinSxS\amd64_microsoft.windows.common-controls_6595b64144ccf1df_6.0.19041.4355_none_60b8b9eb71f62e16\COMCTL32.dll
0x00007fff8c6c0000 - 0x00007fff8c6e2000 	C:\Windows\System32\win32u.dll
0x00007fff8ef00000 - 0x00007fff8ef2b000 	C:\Windows\System32\GDI32.dll
0x00007fff8ce70000 - 0x00007fff8cf87000 	C:\Windows\System32\gdi32full.dll
0x00007fff8cb40000 - 0x00007fff8cbdd000 	C:\Windows\System32\msvcp_win.dll
0x00007fff86910000 - 0x00007fff8691a000 	C:\Windows\SYSTEM32\VERSION.dll
0x00007fff8e410000 - 0x00007fff8e43f000 	C:\Windows\System32\IMM32.DLL
0x00007fff85960000 - 0x00007fff8596c000 	C:\Program Files\Java\jdk-19\bin\vcruntime140_1.dll
0x00007fff1d5c0000 - 0x00007fff1d64e000 	C:\Program Files\Java\jdk-19\bin\msvcp140.dll
0x00007ffed3860000 - 0x00007ffed4520000 	C:\Program Files\Java\jdk-19\bin\server\jvm.dll
0x00007fff844d0000 - 0x00007fff844f7000 	C:\Windows\SYSTEM32\WINMM.dll
0x00007fff76f50000 - 0x00007fff76f59000 	C:\Windows\SYSTEM32\WSOCK32.dll
0x00007fff8d5a0000 - 0x00007fff8d60b000 	C:\Windows\System32\WS2_32.dll
0x00007fff8ae50000 - 0x00007fff8ae62000 	C:\Windows\SYSTEM32\kernel.appcore.dll
0x00007fff75a00000 - 0x00007fff75a0a000 	C:\Program Files\Java\jdk-19\bin\jimage.dll
0x00007fff8a310000 - 0x00007fff8a4f4000 	C:\Windows\SYSTEM32\DBGHELP.DLL
0x00007fff86020000 - 0x00007fff86054000 	C:\Windows\SYSTEM32\dbgcore.DLL
0x00007fff8cbe0000 - 0x00007fff8cc62000 	C:\Windows\System32\bcryptPrimitives.dll
0x00007fff2fed0000 - 0x00007fff2fef6000 	C:\Program Files\Java\jdk-19\bin\java.dll

dbghelp: loaded successfully - version: 4.0.5 - missing functions: none
symbol engine: initialized successfully - sym options: 0x614 - pdb path: .;C:\Program Files\Java\jdk-19\bin;C:\Windows\SYSTEM32;C:\Windows\WinSxS\amd64_microsoft.windows.common-controls_6595b64144ccf1df_6.0.19041.4355_none_60b8b9eb71f62e16;C:\Program Files\Java\jdk-19\bin\server

VM Arguments:
java_command: com.mycompany.gerenciamento_de_estoque_pi.Gerenciamento_de_estoque_pi
java_class_path (initial): C:\Users\Pichau\Documents\NetBeansProjects\gerenciamento_de_estoque_pi\target\classes;C:\Users\Pichau\.m2\repository\mysql\mysql-connector-java\8.0.28\mysql-connector-java-8.0.28.jar;C:\Users\Pichau\.m2\repository\com\google\protobuf\protobuf-java\3.11.4\protobuf-java-3.11.4.jar
Launcher Type: SUN_STANDARD

[Global flags]
     intx CICompilerCount                          = 4                                         {product} {ergonomic}
     uint ConcGCThreads                            = 3                                         {product} {ergonomic}
     uint G1ConcRefinementThreads                  = 10                                        {product} {ergonomic}
   size_t G1HeapRegionSize                         = 2097152                                   {product} {ergonomic}
    uintx GCDrainStackTargetSize                   = 64                                        {product} {ergonomic}
   size_t InitialHeapSize                          = 266338304                                 {product} {ergonomic}
   size_t MarkStackSize                            = 4194304                                   {product} {ergonomic}
   size_t MaxHeapSize                              = 4261412864                                {product} {ergonomic}
   size_t MinHeapDeltaBytes                        = 2097152                                   {product} {ergonomic}
   size_t MinHeapSize                              = 8388608                                   {product} {ergonomic}
    uintx NonNMethodCodeHeapSize                   = 5839372                                {pd product} {ergonomic}
    uintx NonProfiledCodeHeapSize                  = 122909434                              {pd product} {ergonomic}
    uintx ProfiledCodeHeapSize                     = 122909434                              {pd product} {ergonomic}
    uintx ReservedCodeCacheSize                    = 251658240                              {pd product} {ergonomic}
     bool SegmentedCodeCache                       = true                                      {product} {ergonomic}
   size_t SoftMaxHeapSize                          = 4261412864                             {manageable} {ergonomic}
     bool UseCompressedClassPointers               = true                           {product lp64_product} {ergonomic}
     bool UseCompressedOops                        = true                           {product lp64_product} {ergonomic}
     bool UseG1GC                                  = true                                      {product} {ergonomic}
     bool UseLargePagesIndividualAllocation        = false                                  {pd product} {ergonomic}

Logging:
Log output configuration:
 #0: stdout all=warning uptime,level,tags foldmultilines=false
 #1: stderr all=off uptime,level,tags foldmultilines=false

Environment Variables:
JAVA_HOME=C:\Program Files\Java\jdk-19
PATH=C:\Program Files\Common Files\Oracle\Java\javapath;C:\Windows\system32;C:\Windows;C:\Windows\System32\Wbem;C:\Windows\System32\WindowsPowerShell\v1.0\;C:\Windows\System32\OpenSSH\;C:\Program Files (x86)\dotnet\;C:\Program Files (x86)\NVIDIA Corporation\PhysX\Common;C:\Program Files\NVIDIA Corporation\NVIDIA NvDLISR;C:\MinGW\bin;C:\Program Files\Git\cmd;C:\Program Files\MySQL\MySQL Shell 8.0\bin\;C:\Users\Pichau\AppData\Local\Programs\Python\Python38\Scripts\;C:\Users\Pichau\AppData\Local\Programs\Python\Python38\;C:\Users\Pichau\AppData\Local\Microsoft\WindowsApps;;C:\Users\Pichau\AppData\Local\Programs\Microsoft VS Code\bin
USERNAME=Pichau
OS=Windows_NT
PROCESSOR_IDENTIFIER=Intel64 Family 6 Model 165 Stepping 3, GenuineIntel
TMP=C:\Users\Pichau\AppData\Local\Temp
TEMP=C:\Users\Pichau\AppData\Local\Temp



---------------  S Y S T E M  ---------------

OS:
 Windows 10 , 64 bit Build 19041 (10.0.19041.5072)
OS uptime: 3 days 4:38 hours

CPU: total 12 (initial active 12) (6 cores per cpu, 2 threads per core) family 6 model 165 stepping 3 microcode 0xe0, cx8, cmov, fxsr, ht, mmx, 3dnowpref, sse, sse2, sse3, ssse3, sse4.1, sse4.2, popcnt, lzcnt, tsc, tscinvbit, avx, avx2, aes, erms, clmul, bmi1, bmi2, adx, fma, vzeroupper, clflush, clflushopt, rdtscp

Memory: 4k page, system-wide physical 16254M (965M free)
TotalPageFile size 25582M (AvailPageFile size 110M)
current process WorkingSet (physical memory assigned to process): 10M, peak: 10M
current process commit charge ("private bytes"): 64M, peak: 318M

vm_info: Java HotSpot(TM) 64-Bit Server VM (19.0.2+7-44) for windows-amd64 JRE (19.0.2+7-44), built on 2022-11-30T18:02:09Z by "mach5one" with MS VC++ 17.1 (VS2022)

END.
